2023-04-16 15:04:49,804 INFO o.a.j.u.JMeterUtils: Setting Locale to en_EN
2023-04-16 15:04:49,991 INFO o.a.j.JMeter: Loading user properties from: user.properties
2023-04-16 15:04:50,022 INFO o.a.j.JMeter: Loading system properties from: system.properties
2023-04-16 15:04:50,069 INFO o.a.j.JMeter: Copyright (c) 1998-2022 The Apache Software Foundation
2023-04-16 15:04:50,069 INFO o.a.j.JMeter: Version 5.5
2023-04-16 15:04:50,069 INFO o.a.j.JMeter: java.version=19.0.1
2023-04-16 15:04:50,069 INFO o.a.j.JMeter: java.vm.name=Java HotSpot(TM) 64-Bit Server VM
2023-04-16 15:04:50,069 INFO o.a.j.JMeter: os.name=Windows 10
2023-04-16 15:04:50,069 INFO o.a.j.JMeter: os.arch=amd64
2023-04-16 15:04:50,069 INFO o.a.j.JMeter: os.version=10.0
2023-04-16 15:04:50,069 INFO o.a.j.JMeter: file.encoding=UTF-8
2023-04-16 15:04:50,069 INFO o.a.j.JMeter: java.awt.headless=null
2023-04-16 15:04:50,069 INFO o.a.j.JMeter: Max memory     =1073741824
2023-04-16 15:04:50,069 INFO o.a.j.JMeter: Available Processors =4
2023-04-16 15:04:50,132 INFO o.a.j.JMeter: Default Locale=English (EN)
2023-04-16 15:04:50,132 INFO o.a.j.JMeter: JMeter  Locale=English (EN)
2023-04-16 15:04:50,132 INFO o.a.j.JMeter: JMeterHome=C:\apache-jmeter-5.5\apache-jmeter-5.5
2023-04-16 15:04:50,132 INFO o.a.j.JMeter: user.dir  =C:\apache-jmeter-5.5\apache-jmeter-5.5\bin
2023-04-16 15:04:50,132 INFO o.a.j.JMeter: PWD       =C:\apache-jmeter-5.5\apache-jmeter-5.5\bin
2023-04-16 15:04:50,163 INFO o.a.j.JMeter: IP: 192.168.43.118 Name: DESKTOP-6QTBEUT FullName: DESKTOP-6QTBEUT
2023-04-16 15:04:50,257 INFO o.a.j.JMeter: Loaded icon properties from org/apache/jmeter/images/icon.properties
2023-04-16 15:04:52,538 INFO o.a.j.JMeterGuiLauncher: Setting LAF to: com.github.weisj.darklaf.DarkLaf:com.github.weisj.darklaf.theme.DarculaTheme
2023-04-16 18:22:15,425 INFO o.a.j.p.h.s.HTTPSamplerBase: Parser for text/html is org.apache.jmeter.protocol.http.parser.LagartoBasedHtmlParser
2023-04-16 18:22:15,425 INFO o.a.j.p.h.s.HTTPSamplerBase: Parser for application/xhtml+xml is org.apache.jmeter.protocol.http.parser.LagartoBasedHtmlParser
2023-04-16 18:22:15,425 INFO o.a.j.p.h.s.HTTPSamplerBase: Parser for application/xml is org.apache.jmeter.protocol.http.parser.LagartoBasedHtmlParser
2023-04-16 18:22:15,425 INFO o.a.j.p.h.s.HTTPSamplerBase: Parser for text/xml is org.apache.jmeter.protocol.http.parser.LagartoBasedHtmlParser
2023-04-16 18:22:15,425 INFO o.a.j.p.h.s.HTTPSamplerBase: Parser for text/vnd.wap.wml is org.apache.jmeter.protocol.http.parser.RegexpHTMLParser
2023-04-16 18:22:15,426 INFO o.a.j.p.h.s.HTTPSamplerBase: Parser for text/css is org.apache.jmeter.protocol.http.parser.CssParser
2023-04-16 19:17:17,004 INFO o.a.j.s.SampleResult: Note: Sample TimeStamps are START times
2023-04-16 19:17:17,004 INFO o.a.j.s.SampleResult: sampleresult.default.encoding is set to ISO-8859-1
2023-04-16 19:17:17,004 INFO o.a.j.s.SampleResult: sampleresult.useNanoTime=true
2023-04-16 19:17:17,004 INFO o.a.j.s.SampleResult: sampleresult.nanoThreadSleep=5000
2023-04-16 19:17:17,516 INFO o.a.j.v.ViewResultsFullVisualizer: Add JavaFX to your Java installation if you want to use renderer: org.apache.jmeter.visualizers.RenderInBrowser
2023-04-16 19:20:18,178 INFO o.a.j.e.StandardJMeterEngine: Running the test!
2023-04-16 19:20:18,186 INFO o.a.j.s.SampleEvent: List of sample_variables: []
2023-04-16 19:20:18,186 INFO o.a.j.s.SampleEvent: List of sample_variables: []
2023-04-16 19:20:18,194 INFO o.a.j.e.u.CompoundVariable: Note: Function class names must contain the string: '.functions.'
2023-04-16 19:20:18,194 INFO o.a.j.e.u.CompoundVariable: Note: Function class names must not contain the string: '.gui.'
2023-04-16 19:20:18,441 INFO o.a.j.g.u.JMeterMenuBar: setRunning(true, *local*)
2023-04-16 19:20:18,593 INFO o.a.j.e.StandardJMeterEngine: Starting ThreadGroup: 1 : demo_thread_group
2023-04-16 19:20:18,593 INFO o.a.j.e.StandardJMeterEngine: Starting 10 threads for group demo_thread_group.
2023-04-16 19:20:18,593 INFO o.a.j.e.StandardJMeterEngine: Thread will continue on error
2023-04-16 19:20:18,593 INFO o.a.j.t.ThreadGroup: Starting thread group... number=1 threads=10 ramp-up=20 delayedStart=false
2023-04-16 19:20:18,601 INFO o.a.j.t.JMeterThread: Thread started: demo_thread_group 1-1
2023-04-16 19:20:18,609 INFO o.a.j.t.ThreadGroup: Started thread group number 1
2023-04-16 19:20:18,609 INFO o.a.j.e.StandardJMeterEngine: All thread groups have been started
2023-04-16 19:20:18,884 INFO o.a.j.p.h.s.HTTPHCAbstractImpl: Local host = DESKTOP-6QTBEUT
2023-04-16 19:20:18,916 INFO o.a.j.p.h.s.HTTPHC4Impl: HTTP request retry count = 0
2023-04-16 19:20:20,594 INFO o.a.j.t.JMeterThread: Thread started: demo_thread_group 1-2
2023-04-16 19:20:21,938 INFO o.a.j.p.h.s.h.LazyLayeredConnectionSocketFactory: Setting up HTTPS TrustAll Socket Factory
2023-04-16 19:20:21,975 INFO o.a.j.u.JsseSSLManager: Using default SSL protocol: TLS
2023-04-16 19:20:21,975 INFO o.a.j.u.JsseSSLManager: SSL session context: per-thread
2023-04-16 19:20:22,602 INFO o.a.j.t.JMeterThread: Thread started: demo_thread_group 1-3
2023-04-16 19:20:24,602 INFO o.a.j.t.JMeterThread: Thread started: demo_thread_group 1-4
2023-04-16 19:20:26,560 INFO o.a.j.u.SSLManager: JmeterKeyStore Location:  type JKS
2023-04-16 19:20:26,584 INFO o.a.j.u.SSLManager: KeyStore created OK
2023-04-16 19:20:26,584 WARN o.a.j.u.SSLManager: Keystore file not found, loading empty keystore
2023-04-16 19:20:26,602 INFO o.a.j.t.JMeterThread: Thread started: demo_thread_group 1-5
2023-04-16 19:20:28,602 INFO o.a.j.t.JMeterThread: Thread started: demo_thread_group 1-6
2023-04-16 19:20:30,602 INFO o.a.j.t.JMeterThread: Thread started: demo_thread_group 1-7
2023-04-16 19:20:31,420 INFO o.a.j.t.JMeterThread: Thread is done: demo_thread_group 1-6
2023-04-16 19:20:31,420 INFO o.a.j.t.JMeterThread: Thread finished: demo_thread_group 1-6
2023-04-16 19:20:31,598 INFO o.a.j.t.JMeterThread: Thread is done: demo_thread_group 1-3
2023-04-16 19:20:31,598 INFO o.a.j.t.JMeterThread: Thread finished: demo_thread_group 1-3
2023-04-16 19:20:32,594 INFO o.a.j.t.JMeterThread: Thread started: demo_thread_group 1-8
2023-04-16 19:20:34,602 INFO o.a.j.t.JMeterThread: Thread started: demo_thread_group 1-9
2023-04-16 19:20:36,601 INFO o.a.j.t.JMeterThread: Thread started: demo_thread_group 1-10
2023-04-16 19:20:38,086 INFO o.a.j.t.JMeterThread: Thread is done: demo_thread_group 1-5
2023-04-16 19:20:38,086 INFO o.a.j.t.JMeterThread: Thread finished: demo_thread_group 1-5
2023-04-16 19:20:38,137 INFO o.a.j.g.a.Start: Stopping test
2023-04-16 19:20:38,154 INFO o.a.j.t.JMeterThread: Stopping: demo_thread_group 1-10
2023-04-16 19:20:38,154 WARN o.a.j.t.JMeterThread: Interrupting: demo_thread_group 1-10 sampler: test_http_request
2023-04-16 19:20:38,154 INFO o.a.j.t.JMeterThread: Stopping: demo_thread_group 1-1
2023-04-16 19:20:38,154 WARN o.a.j.t.JMeterThread: Interrupting: demo_thread_group 1-1 sampler: test_http_request
2023-04-16 19:20:38,156 INFO o.a.j.t.JMeterThread: Stopping: demo_thread_group 1-2
2023-04-16 19:20:38,156 WARN o.a.j.t.JMeterThread: Interrupting: demo_thread_group 1-2 sampler: test_http_request
2023-04-16 19:20:38,158 INFO o.a.j.t.JMeterThread: Stopping: demo_thread_group 1-8
2023-04-16 19:20:38,158 WARN o.a.j.t.JMeterThread: Interrupting: demo_thread_group 1-8 sampler: test_http_request
2023-04-16 19:20:38,158 INFO o.a.j.t.JMeterThread: Stopping: demo_thread_group 1-9
2023-04-16 19:20:38,158 WARN o.a.j.t.JMeterThread: Interrupting: demo_thread_group 1-9 sampler: test_http_request
2023-04-16 19:20:38,158 INFO o.a.j.t.JMeterThread: Stopping: demo_thread_group 1-4
2023-04-16 19:20:38,158 WARN o.a.j.t.JMeterThread: Interrupting: demo_thread_group 1-4 sampler: test_http_request
2023-04-16 19:20:38,158 INFO o.a.j.t.JMeterThread: Stopping: demo_thread_group 1-7
2023-04-16 19:20:38,158 WARN o.a.j.t.JMeterThread: Interrupting: demo_thread_group 1-7 sampler: test_http_request
2023-04-16 19:20:38,196 INFO o.a.j.t.JMeterThread: Thread is done: demo_thread_group 1-10
2023-04-16 19:20:38,196 INFO o.a.j.t.JMeterThread: Thread finished: demo_thread_group 1-10
2023-04-16 19:20:38,196 INFO o.a.j.t.JMeterThread: Thread is done: demo_thread_group 1-2
2023-04-16 19:20:38,196 INFO o.a.j.t.JMeterThread: Thread finished: demo_thread_group 1-2
2023-04-16 19:20:38,196 INFO o.a.j.t.JMeterThread: Thread is done: demo_thread_group 1-8
2023-04-16 19:20:38,196 INFO o.a.j.t.JMeterThread: Thread finished: demo_thread_group 1-8
2023-04-16 19:20:38,196 INFO o.a.j.t.JMeterThread: Thread is done: demo_thread_group 1-9
2023-04-16 19:20:38,196 INFO o.a.j.t.JMeterThread: Thread finished: demo_thread_group 1-9
2023-04-16 19:20:38,204 INFO o.a.j.t.JMeterThread: Thread is done: demo_thread_group 1-4
2023-04-16 19:20:38,204 INFO o.a.j.t.JMeterThread: Thread finished: demo_thread_group 1-4
2023-04-16 19:20:38,204 INFO o.a.j.t.JMeterThread: Thread is done: demo_thread_group 1-1
2023-04-16 19:20:38,204 INFO o.a.j.t.JMeterThread: Thread finished: demo_thread_group 1-1
2023-04-16 19:20:38,204 INFO o.a.j.t.JMeterThread: Thread is done: demo_thread_group 1-7
2023-04-16 19:20:38,206 INFO o.a.j.t.JMeterThread: Thread finished: demo_thread_group 1-7
2023-04-16 19:20:38,206 INFO o.a.j.e.StandardJMeterEngine: Notifying test listeners of end of test
2023-04-16 19:20:38,222 INFO o.a.j.s.FileServer: Default base='C:\apache-jmeter-5.5\apache-jmeter-5.5\bin'
2023-04-16 19:20:38,222 INFO o.a.j.g.u.JMeterMenuBar: setRunning(false, *local*)
2023-04-16 19:23:30,763 INFO o.a.j.s.FileServer: Set new base='C:\apache-jmeter-5.5\apache-jmeter-5.5\bin'
2023-04-16 19:23:31,544 INFO o.a.j.s.SaveService: Testplan (JMX) version: 2.2. Testlog (JTL) version: 2.2
2023-04-16 19:23:31,638 INFO o.a.j.s.SaveService: Using SaveService properties version 5.0
2023-04-16 19:23:31,654 INFO o.a.j.s.SaveService: Using SaveService properties file encoding UTF-8
2023-04-16 19:23:31,779 INFO o.a.j.e.StandardJMeterEngine: Running the test!
2023-04-16 19:23:31,779 INFO o.a.j.s.SampleEvent: List of sample_variables: []
2023-04-16 19:23:31,779 INFO o.a.j.g.u.JMeterMenuBar: setRunning(true, *local*)
2023-04-16 19:23:31,844 INFO o.a.j.e.StandardJMeterEngine: Starting ThreadGroup: 1 : demo_thread_group
2023-04-16 19:23:31,860 INFO o.a.j.e.StandardJMeterEngine: Starting 10 threads for group demo_thread_group.
2023-04-16 19:23:31,860 INFO o.a.j.e.StandardJMeterEngine: Thread will continue on error
2023-04-16 19:23:31,860 INFO o.a.j.t.ThreadGroup: Starting thread group... number=1 threads=10 ramp-up=20 delayedStart=false
2023-04-16 19:23:31,860 INFO o.a.j.t.ThreadGroup: Started thread group number 1
2023-04-16 19:23:31,860 INFO o.a.j.e.StandardJMeterEngine: All thread groups have been started
2023-04-16 19:23:31,860 INFO o.a.j.t.JMeterThread: Thread started: demo_thread_group 1-1
2023-04-16 19:23:33,860 INFO o.a.j.t.JMeterThread: Thread started: demo_thread_group 1-2
2023-04-16 19:23:35,860 INFO o.a.j.t.JMeterThread: Thread started: demo_thread_group 1-3
2023-04-16 19:23:37,861 INFO o.a.j.t.JMeterThread: Thread started: demo_thread_group 1-4
2023-04-16 19:23:38,355 INFO o.a.j.t.JMeterThread: Thread is done: demo_thread_group 1-1
2023-04-16 19:23:38,355 INFO o.a.j.t.JMeterThread: Thread finished: demo_thread_group 1-1
2023-04-16 19:23:39,860 INFO o.a.j.t.JMeterThread: Thread started: demo_thread_group 1-5
2023-04-16 19:23:40,665 INFO o.a.j.t.JMeterThread: Thread is done: demo_thread_group 1-3
2023-04-16 19:23:40,665 INFO o.a.j.t.JMeterThread: Thread finished: demo_thread_group 1-3
2023-04-16 19:23:41,862 INFO o.a.j.t.JMeterThread: Thread started: demo_thread_group 1-6
2023-04-16 19:23:43,116 INFO o.a.j.t.JMeterThread: Thread is done: demo_thread_group 1-4
2023-04-16 19:23:43,117 INFO o.a.j.t.JMeterThread: Thread finished: demo_thread_group 1-4
2023-04-16 19:23:43,861 INFO o.a.j.t.JMeterThread: Thread started: demo_thread_group 1-7
2023-04-16 19:23:45,861 INFO o.a.j.t.JMeterThread: Thread started: demo_thread_group 1-8
2023-04-16 19:23:46,035 INFO o.a.j.t.JMeterThread: Thread is done: demo_thread_group 1-7
2023-04-16 19:23:46,035 INFO o.a.j.t.JMeterThread: Thread finished: demo_thread_group 1-7
2023-04-16 19:23:46,345 INFO o.a.j.t.JMeterThread: Thread is done: demo_thread_group 1-6
2023-04-16 19:23:46,345 INFO o.a.j.t.JMeterThread: Thread finished: demo_thread_group 1-6
2023-04-16 19:23:47,520 INFO o.a.j.t.JMeterThread: Thread is done: demo_thread_group 1-8
2023-04-16 19:23:47,521 INFO o.a.j.t.JMeterThread: Thread finished: demo_thread_group 1-8
2023-04-16 19:23:47,860 INFO o.a.j.t.JMeterThread: Thread started: demo_thread_group 1-9
2023-04-16 19:23:49,861 INFO o.a.j.t.JMeterThread: Thread started: demo_thread_group 1-10
2023-04-16 19:23:52,095 INFO o.a.j.t.JMeterThread: Thread is done: demo_thread_group 1-9
2023-04-16 19:23:52,095 INFO o.a.j.t.JMeterThread: Thread finished: demo_thread_group 1-9
2023-04-16 19:23:57,642 INFO o.a.j.t.JMeterThread: Thread is done: demo_thread_group 1-2
2023-04-16 19:23:57,642 INFO o.a.j.t.JMeterThread: Thread finished: demo_thread_group 1-2
2023-04-16 19:24:02,066 INFO o.a.j.t.JMeterThread: Thread is done: demo_thread_group 1-5
2023-04-16 19:24:02,066 INFO o.a.j.t.JMeterThread: Thread finished: demo_thread_group 1-5
2023-04-16 19:24:12,142 INFO o.a.j.t.JMeterThread: Thread is done: demo_thread_group 1-10
2023-04-16 19:24:12,142 INFO o.a.j.t.JMeterThread: Thread finished: demo_thread_group 1-10
2023-04-16 19:24:12,142 INFO o.a.j.e.StandardJMeterEngine: Notifying test listeners of end of test
2023-04-16 19:24:12,142 INFO o.a.j.g.u.JMeterMenuBar: setRunning(false, *local*)
